<?xml version="1.0" encoding="utf-8"?>
<TestRun id="906210b8-8449-4255-83d6-928f7e7fe22e" name="jerry@J3RR5 2025-07-09 12:24:43" runUser="J3RR5\jerry" xmlns="http://microsoft.com/schemas/VisualStudio/TeamTest/2010">
  <Times creation="2025-07-09T12:24:43.4959611+03:00" queuing="2025-07-09T12:24:43.4959615+03:00" start="2025-07-09T12:24:39.2627429+03:00" finish="2025-07-09T12:24:43.5132014+03:00" />
  <TestSettings name="default" id="e7b183d9-2786-40d1-9c17-b6bfe7310693">
    <Deployment runDeploymentRoot="jerry_J3RR5_2025-07-09_12_24_43" />
  </TestSettings>
  <Results>
    <UnitTestResult executionId="5fe9dd4b-c0b6-43c5-8281-71a4b751d873" testId="4e6d4a9b-1caf-f3fa-acfa-01d1487a0831" testName="SalesService.Tests.UnitTest1.Test1" computerName="J3RR5" duration="00:00:00.0053570" startTime="2025-07-09T12:24:43.0262791+03:00" endTime="2025-07-09T12:24:43.0263452+03:00" testType="13cdc9d9-ddb5-4fa4-a97d-d965ccfc6d4b" outcome="Passed" testListId="8c84fa94-04c1-424b-9868-57a2d4851a1d" relativeResultsDirectory="5fe9dd4b-c0b6-43c5-8281-71a4b751d873" />
    <UnitTestResult executionId="dbb425eb-be10-4643-a2f3-bf14ce16606e" testId="7bcfbb6c-cd55-ed49-5951-3d9575e8933a" testName="SalesService.Tests.OrderServiceTests.GetAllAsync_ReturnsMappedOrderDtos" computerName="J3RR5" duration="00:00:00.2539708" startTime="2025-07-09T12:24:43.2340850+03:00" endTime="2025-07-09T12:24:43.2340853+03:00" testType="13cdc9d9-ddb5-4fa4-a97d-d965ccfc6d4b" outcome="Passed" testListId="8c84fa94-04c1-424b-9868-57a2d4851a1d" relativeResultsDirectory="dbb425eb-be10-4643-a2f3-bf14ce16606e" />
    <UnitTestResult executionId="3c7a9276-3ad1-4c41-8629-8751c1bc8f22" testId="4f9c3559-db04-585b-655c-ff2deb829a75" testName="SalesService.Tests.OrderServiceTests.GetByIdAsync_OrderDoesNotExist_ReturnsNull" computerName="J3RR5" duration="00:00:00.0100889" startTime="2025-07-09T12:24:43.2443499+03:00" endTime="2025-07-09T12:24:43.2443503+03:00" testType="13cdc9d9-ddb5-4fa4-a97d-d965ccfc6d4b" outcome="Passed" testListId="8c84fa94-04c1-424b-9868-57a2d4851a1d" relativeResultsDirectory="3c7a9276-3ad1-4c41-8629-8751c1bc8f22" />
    <UnitTestResult executionId="10b99fe7-fdd8-4bf4-bdd2-8b35a7d51be2" testId="d1d2a1f8-9c9c-832c-4cc0-6ebe7f841003" testName="SalesService.Tests.OrderServiceTests.GetByIdAsync_OrderExists_ReturnsMappedOrderDto" computerName="J3RR5" duration="00:00:00.0058964" startTime="2025-07-09T12:24:43.2504870+03:00" endTime="2025-07-09T12:24:43.2504873+03:00" testType="13cdc9d9-ddb5-4fa4-a97d-d965ccfc6d4b" outcome="Passed" testListId="8c84fa94-04c1-424b-9868-57a2d4851a1d" relativeResultsDirectory="10b99fe7-fdd8-4bf4-bdd2-8b35a7d51be2" />
  </Results>
  <TestDefinitions>
    <UnitTest name="SalesService.Tests.OrderServiceTests.GetByIdAsync_OrderExists_ReturnsMappedOrderDto" storage="c:\users\jerry\desktop\leysco_c_sharp\app\src\salesservice\salesservice.tests\bin\debug\net9.0\salesservice.tests.dll" id="d1d2a1f8-9c9c-832c-4cc0-6ebe7f841003">
      <Execution id="10b99fe7-fdd8-4bf4-bdd2-8b35a7d51be2" />
      <TestMethod codeBase="C:\Users\jerry\Desktop\leysco_c_sharp\app\src\SalesService\SalesService.Tests\bin\Debug\net9.0\SalesService.Tests.dll" adapterTypeName="executor://xunit/VsTestRunner2/netcoreapp" className="SalesService.Tests.OrderServiceTests" name="GetByIdAsync_OrderExists_ReturnsMappedOrderDto" />
    </UnitTest>
    <UnitTest name="SalesService.Tests.OrderServiceTests.GetByIdAsync_OrderDoesNotExist_ReturnsNull" storage="c:\users\jerry\desktop\leysco_c_sharp\app\src\salesservice\salesservice.tests\bin\debug\net9.0\salesservice.tests.dll" id="4f9c3559-db04-585b-655c-ff2deb829a75">
      <Execution id="3c7a9276-3ad1-4c41-8629-8751c1bc8f22" />
      <TestMethod codeBase="C:\Users\jerry\Desktop\leysco_c_sharp\app\src\SalesService\SalesService.Tests\bin\Debug\net9.0\SalesService.Tests.dll" adapterTypeName="executor://xunit/VsTestRunner2/netcoreapp" className="SalesService.Tests.OrderServiceTests" name="GetByIdAsync_OrderDoesNotExist_ReturnsNull" />
    </UnitTest>
    <UnitTest name="SalesService.Tests.UnitTest1.Test1" storage="c:\users\jerry\desktop\leysco_c_sharp\app\src\salesservice\salesservice.tests\bin\debug\net9.0\salesservice.tests.dll" id="4e6d4a9b-1caf-f3fa-acfa-01d1487a0831">
      <Execution id="5fe9dd4b-c0b6-43c5-8281-71a4b751d873" />
      <TestMethod codeBase="C:\Users\jerry\Desktop\leysco_c_sharp\app\src\SalesService\SalesService.Tests\bin\Debug\net9.0\SalesService.Tests.dll" adapterTypeName="executor://xunit/VsTestRunner2/netcoreapp" className="SalesService.Tests.UnitTest1" name="Test1" />
    </UnitTest>
    <UnitTest name="SalesService.Tests.OrderServiceTests.GetAllAsync_ReturnsMappedOrderDtos" storage="c:\users\jerry\desktop\leysco_c_sharp\app\src\salesservice\salesservice.tests\bin\debug\net9.0\salesservice.tests.dll" id="7bcfbb6c-cd55-ed49-5951-3d9575e8933a">
      <Execution id="dbb425eb-be10-4643-a2f3-bf14ce16606e" />
      <TestMethod codeBase="C:\Users\jerry\Desktop\leysco_c_sharp\app\src\SalesService\SalesService.Tests\bin\Debug\net9.0\SalesService.Tests.dll" adapterTypeName="executor://xunit/VsTestRunner2/netcoreapp" className="SalesService.Tests.OrderServiceTests" name="GetAllAsync_ReturnsMappedOrderDtos" />
    </UnitTest>
  </TestDefinitions>
  <TestEntries>
    <TestEntry testId="4e6d4a9b-1caf-f3fa-acfa-01d1487a0831" executionId="5fe9dd4b-c0b6-43c5-8281-71a4b751d873" testListId="8c84fa94-04c1-424b-9868-57a2d4851a1d" />
    <TestEntry testId="7bcfbb6c-cd55-ed49-5951-3d9575e8933a" executionId="dbb425eb-be10-4643-a2f3-bf14ce16606e" testListId="8c84fa94-04c1-424b-9868-57a2d4851a1d" />
    <TestEntry testId="4f9c3559-db04-585b-655c-ff2deb829a75" executionId="3c7a9276-3ad1-4c41-8629-8751c1bc8f22" testListId="8c84fa94-04c1-424b-9868-57a2d4851a1d" />
    <TestEntry testId="d1d2a1f8-9c9c-832c-4cc0-6ebe7f841003" executionId="10b99fe7-fdd8-4bf4-bdd2-8b35a7d51be2" testListId="8c84fa94-04c1-424b-9868-57a2d4851a1d" />
  </TestEntries>
  <TestLists>
    <TestList name="Results Not in a List" id="8c84fa94-04c1-424b-9868-57a2d4851a1d" />
    <TestList name="All Loaded Results" id="19431567-8539-422a-85d7-44ee4e166bda" />
  </TestLists>
  <ResultSummary outcome="Completed">
    <Counters total="4" executed="4" passed="4" failed="0" error="0" timeout="0" aborted="0" inconclusive="0" passedButRunAborted="0" notRunnable="0" notExecuted="0" disconnected="0" warning="0" completed="0" inProgress="0" pending="0" />
    <Output>
      <StdOut>[xUnit.net 00:00:00.00] xUnit.net VSTest Adapter v2.8.2+699d445a1a (64-bit .NET 9.0.6)&#xD;
[xUnit.net 00:00:01.79]   Discovering: SalesService.Tests&#xD;
[xUnit.net 00:00:01.89]   Discovered:  SalesService.Tests&#xD;
[xUnit.net 00:00:01.91]   Starting:    SalesService.Tests&#xD;
[xUnit.net 00:00:02.28]   Finished:    SalesService.Tests&#xD;
</StdOut>
    </Output>
  </ResultSummary>
</TestRun>