<?xml version="1.0" encoding="utf-8"?>
<TestRun id="3acb31eb-aa94-4618-a631-c1babf525382" name="jerry@J3RR5 2025-07-09 12:16:54" runUser="J3RR5\jerry" xmlns="http://microsoft.com/schemas/VisualStudio/TeamTest/2010">
  <Times creation="2025-07-09T12:16:54.5127635+03:00" queuing="2025-07-09T12:16:54.5127639+03:00" start="2025-07-09T12:16:45.9655832+03:00" finish="2025-07-09T12:16:54.5279556+03:00" />
  <TestSettings name="default" id="92c18738-008d-4eca-b3bf-0888cc5b309b">
    <Deployment runDeploymentRoot="jerry_J3RR5_2025-07-09_12_16_54" />
  </TestSettings>
  <Results>
    <UnitTestResult executionId="02fa77a4-95ad-4bda-b327-4166c4dc7f2f" testId="4e6d4a9b-1caf-f3fa-acfa-01d1487a0831" testName="SalesService.Tests.UnitTest1.Test1" computerName="J3RR5" duration="00:00:00.0088247" startTime="2025-07-09T12:16:54.2399209+03:00" endTime="2025-07-09T12:16:54.2400037+03:00" testType="13cdc9d9-ddb5-4fa4-a97d-d965ccfc6d4b" outcome="Passed" testListId="8c84fa94-04c1-424b-9868-57a2d4851a1d" relativeResultsDirectory="02fa77a4-95ad-4bda-b327-4166c4dc7f2f" />
  </Results>
  <TestDefinitions>
    <UnitTest name="SalesService.Tests.UnitTest1.Test1" storage="c:\users\jerry\desktop\leysco_c_sharp\app\src\salesservice\salesservice.tests\bin\debug\net9.0\salesservice.tests.dll" id="4e6d4a9b-1caf-f3fa-acfa-01d1487a0831">
      <Execution id="02fa77a4-95ad-4bda-b327-4166c4dc7f2f" />
      <TestMethod codeBase="C:\Users\jerry\Desktop\leysco_c_sharp\app\src\SalesService\SalesService.Tests\bin\Debug\net9.0\SalesService.Tests.dll" adapterTypeName="executor://xunit/VsTestRunner2/netcoreapp" className="SalesService.Tests.UnitTest1" name="Test1" />
    </UnitTest>
  </TestDefinitions>
  <TestEntries>
    <TestEntry testId="4e6d4a9b-1caf-f3fa-acfa-01d1487a0831" executionId="02fa77a4-95ad-4bda-b327-4166c4dc7f2f" testListId="8c84fa94-04c1-424b-9868-57a2d4851a1d" />
  </TestEntries>
  <TestLists>
    <TestList name="Results Not in a List" id="8c84fa94-04c1-424b-9868-57a2d4851a1d" />
    <TestList name="All Loaded Results" id="19431567-8539-422a-85d7-44ee4e166bda" />
  </TestLists>
  <ResultSummary outcome="Completed">
    <Counters total="1" executed="1" passed="1" failed="0" error="0" timeout="0" aborted="0" inconclusive="0" passedButRunAborted="0" notRunnable="0" notExecuted="0" disconnected="0" warning="0" completed="0" inProgress="0" pending="0" />
    <Output>
      <StdOut>[xUnit.net 00:00:00.00] xUnit.net VSTest Adapter v2.8.2+699d445a1a (64-bit .NET 9.0.6)&#xD;
[xUnit.net 00:00:03.49]   Discovering: SalesService.Tests&#xD;
[xUnit.net 00:00:03.57]   Discovered:  SalesService.Tests&#xD;
[xUnit.net 00:00:03.58]   Starting:    SalesService.Tests&#xD;
[xUnit.net 00:00:03.74]   Finished:    SalesService.Tests&#xD;
</StdOut>
    </Output>
  </ResultSummary>
</TestRun>